
=INFO REPORT==== 23-May-2008::23:23:37 ===
Ctlfile : /Users/josemanuelp/.yaws/yaws/erlflow/CTL

=INFO REPORT==== 23-May-2008::23:23:37 ===
Yaws: Listening to 0.0.0.0:80 for servers
 - http://localhost under /Users/josemanuelp/erlflow/erlflow/ebin/../public

=ERROR REPORT==== 23-May-2008::23:23:39 ===


ERROR erlang  code  crashed:
 File: appmod:0
Reason: {badarg,[{erlflow_xpdl_parser,extract,2},
                 {lists,foldl,3},
                 {erlflow,start,0},
                 {myappmod,out,1},
                 {yaws_server,deliver_dyn_part,8},
                 {yaws_server,aloop,3},
                 {yaws_server,acceptor0,2},
                 {proc_lib,init_p,5}]}
Req: {http_request,'GET',{abs_path,"/erlflow"},{1,1}}

=ERROR REPORT==== 23-May-2008::23:23:42 ===


ERROR erlang  code  crashed:
 File: appmod:0
Reason: {badarg,[{erlang,register,[netsuper,<0.56.0>]},
                 {erlflow,start,0},
                 {myappmod,out,1},
                 {yaws_server,deliver_dyn_part,8},
                 {yaws_server,aloop,3},
                 {yaws_server,acceptor0,2},
                 {proc_lib,init_p,5}]}
Req: {http_request,'GET',{abs_path,"/erlflow"},{1,1}}

=ERROR REPORT==== 23-May-2008::23:23:44 ===


ERROR erlang  code  crashed:
 File: appmod:0
Reason: {badarg,[{erlang,register,[netsuper,<0.57.0>]},
                 {erlflow,start,0},
                 {myappmod,out,1},
                 {yaws_server,deliver_dyn_part,8},
                 {yaws_server,aloop,3},
                 {yaws_server,acceptor0,2},
                 {proc_lib,init_p,5}]}
Req: {http_request,'GET',{abs_path,"/erlflow"},{1,1}}

=ERROR REPORT==== 23-May-2008::23:23:44 ===


ERROR erlang  code  crashed:
 File: appmod:0
Reason: {badarg,[{erlang,register,[netsuper,<0.58.0>]},
                 {erlflow,start,0},
                 {myappmod,out,1},
                 {yaws_server,deliver_dyn_part,8},
                 {yaws_server,aloop,3},
                 {yaws_server,acceptor0,2},
                 {proc_lib,init_p,5}]}
Req: {http_request,'GET',{abs_path,"/erlflow"},{1,1}}

=ERROR REPORT==== 23-May-2008::23:23:45 ===


ERROR erlang  code  crashed:
 File: appmod:0
Reason: {badarg,[{erlang,register,[netsuper,<0.59.0>]},
                 {erlflow,start,0},
                 {myappmod,out,1},
                 {yaws_server,deliver_dyn_part,8},
                 {yaws_server,aloop,3},
                 {yaws_server,acceptor0,2},
                 {proc_lib,init_p,5}]}
Req: {http_request,'GET',{abs_path,"/erlflow"},{1,1}}

=INFO REPORT==== 23-May-2008::23:25:39 ===
Ctlfile : /Users/josemanuelp/.yaws/yaws/erlflow/CTL

=INFO REPORT==== 23-May-2008::23:25:39 ===
Yaws: Listening to 0.0.0.0:80 for servers
 - http://localhost under /Users/josemanuelp/erlflow/erlflow/ebin/../public

=ERROR REPORT==== 23-May-2008::23:25:45 ===


ERROR erlang  code  crashed:
 File: appmod:0
Reason: {badarg,[{erlflow_xpdl_parser,extract,2},
                 {lists,foldl,3},
                 {erlflow,start,0},
                 {myappmod,out,1},
                 {yaws_server,deliver_dyn_part,8},
                 {yaws_server,aloop,3},
                 {yaws_server,acceptor0,2},
                 {proc_lib,init_p,5}]}
Req: {http_request,'GET',{abs_path,"/erlflow"},{1,1}}

=ERROR REPORT==== 23-May-2008::23:25:46 ===


ERROR erlang  code  crashed:
 File: appmod:0
Reason: {badarg,[{erlang,register,[netsuper,<0.56.0>]},
                 {erlflow,start,0},
                 {myappmod,out,1},
                 {yaws_server,deliver_dyn_part,8},
                 {yaws_server,aloop,3},
                 {yaws_server,acceptor0,2},
                 {proc_lib,init_p,5}]}
Req: {http_request,'GET',{abs_path,"/erlflow"},{1,1}}

=ERROR REPORT==== 23-May-2008::23:25:47 ===


ERROR erlang  code  crashed:
 File: appmod:0
Reason: {badarg,[{erlang,register,[netsuper,<0.57.0>]},
                 {erlflow,start,0},
                 {myappmod,out,1},
                 {yaws_server,deliver_dyn_part,8},
                 {yaws_server,aloop,3},
                 {yaws_server,acceptor0,2},
                 {proc_lib,init_p,5}]}
Req: {http_request,'GET',{abs_path,"/erlflow"},{1,1}}

=ERROR REPORT==== 23-May-2008::23:25:47 ===


ERROR erlang  code  crashed:
 File: appmod:0
Reason: {badarg,[{erlang,register,[netsuper,<0.58.0>]},
                 {erlflow,start,0},
                 {myappmod,out,1},
                 {yaws_server,deliver_dyn_part,8},
                 {yaws_server,aloop,3},
                 {yaws_server,acceptor0,2},
                 {proc_lib,init_p,5}]}
Req: {http_request,'GET',{abs_path,"/erlflow"},{1,1}}

=INFO REPORT==== 23-May-2008::23:26:13 ===
Ctlfile : /Users/josemanuelp/.yaws/yaws/erlflow/CTL

=INFO REPORT==== 23-May-2008::23:26:13 ===
Yaws: Listening to 0.0.0.0:80 for servers
 - http://localhost under /Users/josemanuelp/erlflow/erlflow/ebin/../public

=INFO REPORT==== 23-May-2008::23:26:30 ===
Ctlfile : /Users/josemanuelp/.yaws/yaws/erlflow/CTL

=INFO REPORT==== 23-May-2008::23:26:30 ===
Yaws: Listening to 0.0.0.0:80 for servers
 - http://localhost under /Users/josemanuelp/erlflow/erlflow/ebin/../public

=INFO REPORT==== 23-May-2008::23:26:56 ===
Ctlfile : /Users/josemanuelp/.yaws/yaws/erlflow/CTL

=INFO REPORT==== 23-May-2008::23:26:56 ===
Yaws: Listening to 0.0.0.0:80 for servers
 - http://localhost under /Users/josemanuelp/erlflow/erlflow/ebin/../public

=INFO REPORT==== 23-May-2008::23:27:42 ===
Ctlfile : /Users/josemanuelp/.yaws/yaws/erlflow/CTL

=INFO REPORT==== 23-May-2008::23:27:42 ===
Yaws: Listening to 0.0.0.0:80 for servers
 - http://localhost under /Users/josemanuelp/erlflow/erlflow/ebin/../public

=ERROR REPORT==== 23-May-2008::23:27:45 ===


ERROR erlang  code  crashed:
 File: appmod:0
Reason: {badarg,[{erlflow_xpdl_parser,extract,2},
                 {lists,foldl,3},
                 {erlflow,start,0},
                 {myappmod,out,1},
                 {yaws_server,deliver_dyn_part,8},
                 {yaws_server,aloop,3},
                 {yaws_server,acceptor0,2},
                 {proc_lib,init_p,5}]}
Req: {http_request,'GET',{abs_path,"/erlflow"},{1,1}}

=ERROR REPORT==== 23-May-2008::23:27:46 ===


ERROR erlang  code  crashed:
 File: appmod:0
Reason: {badarg,[{erlang,register,[netsuper,<0.57.0>]},
                 {erlflow,start,0},
                 {myappmod,out,1},
                 {yaws_server,deliver_dyn_part,8},
                 {yaws_server,aloop,3},
                 {yaws_server,acceptor0,2},
                 {proc_lib,init_p,5}]}
Req: {http_request,'GET',{abs_path,"/erlflow"},{1,1}}

=INFO REPORT==== 23-May-2008::23:28:13 ===
Ctlfile : /Users/josemanuelp/.yaws/yaws/erlflow/CTL

=INFO REPORT==== 23-May-2008::23:28:13 ===
Yaws: Listening to 0.0.0.0:80 for servers
 - http://localhost under /Users/josemanuelp/erlflow/erlflow/ebin/../public

=ERROR REPORT==== 23-May-2008::23:28:16 ===


ERROR erlang  code  crashed:
 File: appmod:0
Reason: {badarg,[{erlflow_xpdl_parser,extract,2},
                 {lists,foldl,3},
                 {erlflow,start,0},
                 {myappmod,out,1},
                 {yaws_server,deliver_dyn_part,8},
                 {yaws_server,aloop,3},
                 {yaws_server,acceptor0,2},
                 {proc_lib,init_p,5}]}
Req: {http_request,'GET',{abs_path,"/erlflow"},{1,1}}

=ERROR REPORT==== 23-May-2008::23:28:17 ===


ERROR erlang  code  crashed:
 File: appmod:0
Reason: {badarg,[{erlang,register,[netsuper,<0.57.0>]},
                 {erlflow,start,0},
                 {myappmod,out,1},
                 {yaws_server,deliver_dyn_part,8},
                 {yaws_server,aloop,3},
                 {yaws_server,acceptor0,2},
                 {proc_lib,init_p,5}]}
Req: {http_request,'GET',{abs_path,"/erlflow"},{1,1}}

=ERROR REPORT==== 23-May-2008::23:28:17 ===


ERROR erlang  code  crashed:
 File: appmod:0
Reason: {badarg,[{erlang,register,[netsuper,<0.58.0>]},
                 {erlflow,start,0},
                 {myappmod,out,1},
                 {yaws_server,deliver_dyn_part,8},
                 {yaws_server,aloop,3},
                 {yaws_server,acceptor0,2},
                 {proc_lib,init_p,5}]}
Req: {http_request,'GET',{abs_path,"/erlflow"},{1,1}}

=ERROR REPORT==== 23-May-2008::23:28:18 ===


ERROR erlang  code  crashed:
 File: appmod:0
Reason: {badarg,[{erlang,register,[netsuper,<0.59.0>]},
                 {erlflow,start,0},
                 {myappmod,out,1},
                 {yaws_server,deliver_dyn_part,8},
                 {yaws_server,aloop,3},
                 {yaws_server,acceptor0,2},
                 {proc_lib,init_p,5}]}
Req: {http_request,'GET',{abs_path,"/erlflow"},{1,1}}

=ERROR REPORT==== 23-May-2008::23:28:18 ===


ERROR erlang  code  crashed:
 File: appmod:0
Reason: {badarg,[{erlang,register,[netsuper,<0.60.0>]},
                 {erlflow,start,0},
                 {myappmod,out,1},
                 {yaws_server,deliver_dyn_part,8},
                 {yaws_server,aloop,3},
                 {yaws_server,acceptor0,2},
                 {proc_lib,init_p,5}]}
Req: {http_request,'GET',{abs_path,"/erlflow"},{1,1}}

=ERROR REPORT==== 23-May-2008::23:28:18 ===


ERROR erlang  code  crashed:
 File: appmod:0
Reason: {badarg,[{erlang,register,[netsuper,<0.61.0>]},
                 {erlflow,start,0},
                 {myappmod,out,1},
                 {yaws_server,deliver_dyn_part,8},
                 {yaws_server,aloop,3},
                 {yaws_server,acceptor0,2},
                 {proc_lib,init_p,5}]}
Req: {http_request,'GET',{abs_path,"/erlflow"},{1,1}}

=INFO REPORT==== 23-May-2008::23:28:38 ===
Ctlfile : /Users/josemanuelp/.yaws/yaws/erlflow/CTL

=INFO REPORT==== 23-May-2008::23:28:38 ===
Yaws: Listening to 0.0.0.0:80 for servers
 - http://localhost under /Users/josemanuelp/erlflow/erlflow/ebin/../public

=ERROR REPORT==== 23-May-2008::23:28:39 ===
Error in process <0.49.0> with exit value: {badarg,[{erlflow_xpdl_parser,net_sender_xpdl,2}]}


=ERROR REPORT==== 23-May-2008::23:28:39 ===


ERROR erlang  code  crashed:
 File: appmod:0
Reason: {badarg,[{erlflow_xpdl_parser,extract,2},
                 {lists,foldl,3},
                 {erlflow,start,0},
                 {myappmod,out,1},
                 {yaws_server,deliver_dyn_part,8},
                 {yaws_server,aloop,3},
                 {yaws_server,acceptor0,2},
                 {proc_lib,init_p,5}]}
Req: {http_request,'GET',{abs_path,"/erlflow"},{1,1}}

=ERROR REPORT==== 23-May-2008::23:28:40 ===


ERROR erlang  code  crashed:
 File: appmod:0
Reason: {badarg,[{erlflow_xpdl_parser,extract,2},
                 {lists,foldl,3},
                 {erlflow,start,0},
                 {myappmod,out,1},
                 {yaws_server,deliver_dyn_part,8},
                 {yaws_server,aloop,3},
                 {yaws_server,acceptor0,2},
                 {proc_lib,init_p,5}]}
Req: {http_request,'GET',{abs_path,"/erlflow"},{1,1}}

=ERROR REPORT==== 23-May-2008::23:28:40 ===
Error in process <0.51.0> with exit value: {badarg,[{erlflow_xpdl_parser,net_sender_xpdl,2}]}


=ERROR REPORT==== 23-May-2008::23:28:41 ===
Error in process <0.53.0> with exit value: {badarg,[{erlflow_xpdl_parser,net_sender_xpdl,2}]}


=ERROR REPORT==== 23-May-2008::23:28:41 ===


ERROR erlang  code  crashed:
 File: appmod:0
Reason: {badarg,[{erlflow_xpdl_parser,extract,2},
                 {lists,foldl,3},
                 {erlflow,start,0},
                 {myappmod,out,1},
                 {yaws_server,deliver_dyn_part,8},
                 {yaws_server,aloop,3},
                 {yaws_server,acceptor0,2},
                 {proc_lib,init_p,5}]}
Req: {http_request,'GET',{abs_path,"/erlflow"},{1,1}}

=ERROR REPORT==== 23-May-2008::23:28:41 ===


ERROR erlang  code  crashed:
 File: appmod:0
Reason: {badarg,[{erlflow_xpdl_parser,extract,2},
                 {lists,foldl,3},
                 {erlflow,start,0},
                 {myappmod,out,1},
                 {yaws_server,deliver_dyn_part,8},
                 {yaws_server,aloop,3},
                 {yaws_server,acceptor0,2},
                 {proc_lib,init_p,5}]}
Req: {http_request,'GET',{abs_path,"/erlflow"},{1,1}}

=ERROR REPORT==== 23-May-2008::23:28:41 ===
Error in process <0.55.0> with exit value: {badarg,[{erlflow_xpdl_parser,net_sender_xpdl,2}]}


=ERROR REPORT==== 23-May-2008::23:28:42 ===


ERROR erlang  code  crashed:
 File: appmod:0
Reason: {badarg,[{erlflow_xpdl_parser,extract,2},
                 {lists,foldl,3},
                 {erlflow,start,0},
                 {myappmod,out,1},
                 {yaws_server,deliver_dyn_part,8},
                 {yaws_server,aloop,3},
                 {yaws_server,acceptor0,2},
                 {proc_lib,init_p,5}]}
Req: {http_request,'GET',{abs_path,"/erlflow"},{1,1}}

=ERROR REPORT==== 23-May-2008::23:28:42 ===
Error in process <0.57.0> with exit value: {badarg,[{erlflow_xpdl_parser,net_sender_xpdl,2}]}


=ERROR REPORT==== 23-May-2008::23:28:42 ===


ERROR erlang  code  crashed:
 File: appmod:0
Reason: {badarg,[{erlflow_xpdl_parser,extract,2},
                 {lists,foldl,3},
                 {erlflow,start,0},
                 {myappmod,out,1},
                 {yaws_server,deliver_dyn_part,8},
                 {yaws_server,aloop,3},
                 {yaws_server,acceptor0,2},
                 {proc_lib,init_p,5}]}
Req: {http_request,'GET',{abs_path,"/erlflow"},{1,1}}

=ERROR REPORT==== 23-May-2008::23:28:42 ===
Error in process <0.59.0> with exit value: {badarg,[{erlflow_xpdl_parser,net_sender_xpdl,2}]}


=ERROR REPORT==== 23-May-2008::23:28:42 ===


ERROR erlang  code  crashed:
 File: appmod:0
Reason: {badarg,[{erlflow_xpdl_parser,extract,2},
                 {lists,foldl,3},
                 {erlflow,start,0},
                 {myappmod,out,1},
                 {yaws_server,deliver_dyn_part,8},
                 {yaws_server,aloop,3},
                 {yaws_server,acceptor0,2},
                 {proc_lib,init_p,5}]}
Req: {http_request,'GET',{abs_path,"/erlflow"},{1,1}}

=ERROR REPORT==== 23-May-2008::23:28:42 ===
Error in process <0.61.0> with exit value: {badarg,[{erlflow_xpdl_parser,net_sender_xpdl,2}]}


=ERROR REPORT==== 23-May-2008::23:28:42 ===


ERROR erlang  code  crashed:
 File: appmod:0
Reason: {badarg,[{erlflow_xpdl_parser,extract,2},
                 {lists,foldl,3},
                 {erlflow,start,0},
                 {myappmod,out,1},
                 {yaws_server,deliver_dyn_part,8},
                 {yaws_server,aloop,3},
                 {yaws_server,acceptor0,2},
                 {proc_lib,init_p,5}]}
Req: {http_request,'GET',{abs_path,"/erlflow"},{1,1}}

=ERROR REPORT==== 23-May-2008::23:28:42 ===
Error in process <0.63.0> with exit value: {badarg,[{erlflow_xpdl_parser,net_sender_xpdl,2}]}


=ERROR REPORT==== 23-May-2008::23:28:42 ===


ERROR erlang  code  crashed:
 File: appmod:0
Reason: {badarg,[{erlflow_xpdl_parser,extract,2},
                 {lists,foldl,3},
                 {erlflow,start,0},
                 {myappmod,out,1},
                 {yaws_server,deliver_dyn_part,8},
                 {yaws_server,aloop,3},
                 {yaws_server,acceptor0,2},
                 {proc_lib,init_p,5}]}
Req: {http_request,'GET',{abs_path,"/erlflow"},{1,1}}

=ERROR REPORT==== 23-May-2008::23:28:42 ===
Error in process <0.65.0> with exit value: {badarg,[{erlflow_xpdl_parser,net_sender_xpdl,2}]}


=ERROR REPORT==== 23-May-2008::23:28:43 ===


ERROR erlang  code  crashed:
 File: appmod:0
Reason: {badarg,[{erlflow_xpdl_parser,extract,2},
                 {lists,foldl,3},
                 {erlflow,start,0},
                 {myappmod,out,1},
                 {yaws_server,deliver_dyn_part,8},
                 {yaws_server,aloop,3},
                 {yaws_server,acceptor0,2},
                 {proc_lib,init_p,5}]}
Req: {http_request,'GET',{abs_path,"/erlflow"},{1,1}}

=ERROR REPORT==== 23-May-2008::23:28:43 ===
Error in process <0.67.0> with exit value: {badarg,[{erlflow_xpdl_parser,net_sender_xpdl,2}]}


=ERROR REPORT==== 23-May-2008::23:28:43 ===


ERROR erlang  code  crashed:
 File: appmod:0
Reason: {badarg,[{erlflow_xpdl_parser,extract,2},
                 {lists,foldl,3},
                 {erlflow,start,0},
                 {myappmod,out,1},
                 {yaws_server,deliver_dyn_part,8},
                 {yaws_server,aloop,3},
                 {yaws_server,acceptor0,2},
                 {proc_lib,init_p,5}]}
Req: {http_request,'GET',{abs_path,"/erlflow"},{1,1}}

=ERROR REPORT==== 23-May-2008::23:28:43 ===
Error in process <0.69.0> with exit value: {badarg,[{erlflow_xpdl_parser,net_sender_xpdl,2}]}


=ERROR REPORT==== 23-May-2008::23:28:43 ===


ERROR erlang  code  crashed:
 File: appmod:0
Reason: {badarg,[{erlflow_xpdl_parser,extract,2},
                 {lists,foldl,3},
                 {erlflow,start,0},
                 {myappmod,out,1},
                 {yaws_server,deliver_dyn_part,8},
                 {yaws_server,aloop,3},
                 {yaws_server,acceptor0,2},
                 {proc_lib,init_p,5}]}
Req: {http_request,'GET',{abs_path,"/erlflow"},{1,1}}

=ERROR REPORT==== 23-May-2008::23:28:43 ===
Error in process <0.71.0> with exit value: {badarg,[{erlflow_xpdl_parser,net_sender_xpdl,2}]}


=ERROR REPORT==== 23-May-2008::23:28:43 ===


ERROR erlang  code  crashed:
 File: appmod:0
Reason: {badarg,[{erlflow_xpdl_parser,extract,2},
                 {lists,foldl,3},
                 {erlflow,start,0},
                 {myappmod,out,1},
                 {yaws_server,deliver_dyn_part,8},
                 {yaws_server,aloop,3},
                 {yaws_server,acceptor0,2},
                 {proc_lib,init_p,5}]}
Req: {http_request,'GET',{abs_path,"/erlflow"},{1,1}}

=ERROR REPORT==== 23-May-2008::23:28:43 ===
Error in process <0.73.0> with exit value: {badarg,[{erlflow_xpdl_parser,net_sender_xpdl,2}]}


=ERROR REPORT==== 23-May-2008::23:28:43 ===


ERROR erlang  code  crashed:
 File: appmod:0
Reason: {badarg,[{erlflow_xpdl_parser,extract,2},
                 {lists,foldl,3},
                 {erlflow,start,0},
                 {myappmod,out,1},
                 {yaws_server,deliver_dyn_part,8},
                 {yaws_server,aloop,3},
                 {yaws_server,acceptor0,2},
                 {proc_lib,init_p,5}]}
Req: {http_request,'GET',{abs_path,"/erlflow"},{1,1}}

=ERROR REPORT==== 23-May-2008::23:28:43 ===
Error in process <0.75.0> with exit value: {badarg,[{erlflow_xpdl_parser,net_sender_xpdl,2}]}


=ERROR REPORT==== 23-May-2008::23:28:44 ===


ERROR erlang  code  crashed:
 File: appmod:0
Reason: {badarg,[{erlflow_xpdl_parser,extract,2},
                 {lists,foldl,3},
                 {erlflow,start,0},
                 {myappmod,out,1},
                 {yaws_server,deliver_dyn_part,8},
                 {yaws_server,aloop,3},
                 {yaws_server,acceptor0,2},
                 {proc_lib,init_p,5}]}
Req: {http_request,'GET',{abs_path,"/erlflow"},{1,1}}

=ERROR REPORT==== 23-May-2008::23:28:44 ===
Error in process <0.77.0> with exit value: {badarg,[{erlflow_xpdl_parser,net_sender_xpdl,2}]}


=ERROR REPORT==== 23-May-2008::23:28:44 ===


ERROR erlang  code  crashed:
 File: appmod:0
Reason: {badarg,[{erlflow_xpdl_parser,extract,2},
                 {lists,foldl,3},
                 {erlflow,start,0},
                 {myappmod,out,1},
                 {yaws_server,deliver_dyn_part,8},
                 {yaws_server,aloop,3},
                 {yaws_server,acceptor0,2},
                 {proc_lib,init_p,5}]}
Req: {http_request,'GET',{abs_path,"/erlflow"},{1,1}}

=ERROR REPORT==== 23-May-2008::23:28:44 ===
Error in process <0.79.0> with exit value: {badarg,[{erlflow_xpdl_parser,net_sender_xpdl,2}]}


=ERROR REPORT==== 23-May-2008::23:28:45 ===


ERROR erlang  code  crashed:
 File: appmod:0
Reason: {badarg,[{erlflow_xpdl_parser,extract,2},
                 {lists,foldl,3},
                 {erlflow,start,0},
                 {myappmod,out,1},
                 {yaws_server,deliver_dyn_part,8},
                 {yaws_server,aloop,3},
                 {yaws_server,acceptor0,2},
                 {proc_lib,init_p,5}]}
Req: {http_request,'GET',{abs_path,"/erlflow"},{1,1}}

=ERROR REPORT==== 23-May-2008::23:28:45 ===
Error in process <0.81.0> with exit value: {badarg,[{erlflow_xpdl_parser,net_sender_xpdl,2}]}


=ERROR REPORT==== 23-May-2008::23:28:45 ===


ERROR erlang  code  crashed:
 File: appmod:0
Reason: {badarg,[{erlflow_xpdl_parser,extract,2},
                 {lists,foldl,3},
                 {erlflow,start,0},
                 {myappmod,out,1},
                 {yaws_server,deliver_dyn_part,8},
                 {yaws_server,aloop,3},
                 {yaws_server,acceptor0,2},
                 {proc_lib,init_p,5}]}
Req: {http_request,'GET',{abs_path,"/erlflow"},{1,1}}

=ERROR REPORT==== 23-May-2008::23:28:45 ===
Error in process <0.83.0> with exit value: {badarg,[{erlflow_xpdl_parser,net_sender_xpdl,2}]}


=ERROR REPORT==== 23-May-2008::23:28:45 ===


ERROR erlang  code  crashed:
 File: appmod:0
Reason: {badarg,[{erlflow_xpdl_parser,extract,2},
                 {lists,foldl,3},
                 {erlflow,start,0},
                 {myappmod,out,1},
                 {yaws_server,deliver_dyn_part,8},
                 {yaws_server,aloop,3},
                 {yaws_server,acceptor0,2},
                 {proc_lib,init_p,5}]}
Req: {http_request,'GET',{abs_path,"/erlflow"},{1,1}}

=ERROR REPORT==== 23-May-2008::23:28:45 ===
Error in process <0.85.0> with exit value: {badarg,[{erlflow_xpdl_parser,net_sender_xpdl,2}]}


=ERROR REPORT==== 23-May-2008::23:28:45 ===


ERROR erlang  code  crashed:
 File: appmod:0
Reason: {badarg,[{erlflow_xpdl_parser,extract,2},
                 {lists,foldl,3},
                 {erlflow,start,0},
                 {myappmod,out,1},
                 {yaws_server,deliver_dyn_part,8},
                 {yaws_server,aloop,3},
                 {yaws_server,acceptor0,2},
                 {proc_lib,init_p,5}]}
Req: {http_request,'GET',{abs_path,"/erlflow"},{1,1}}

=ERROR REPORT==== 23-May-2008::23:28:45 ===
Error in process <0.87.0> with exit value: {badarg,[{erlflow_xpdl_parser,net_sender_xpdl,2}]}


=ERROR REPORT==== 23-May-2008::23:28:45 ===


ERROR erlang  code  crashed:
 File: appmod:0
Reason: {badarg,[{erlflow_xpdl_parser,extract,2},
                 {lists,foldl,3},
                 {erlflow,start,0},
                 {myappmod,out,1},
                 {yaws_server,deliver_dyn_part,8},
                 {yaws_server,aloop,3},
                 {yaws_server,acceptor0,2},
                 {proc_lib,init_p,5}]}
Req: {http_request,'GET',{abs_path,"/erlflow"},{1,1}}

=ERROR REPORT==== 23-May-2008::23:28:45 ===
Error in process <0.89.0> with exit value: {badarg,[{erlflow_xpdl_parser,net_sender_xpdl,2}]}


=ERROR REPORT==== 23-May-2008::23:28:46 ===
Error in process <0.91.0> with exit value: {badarg,[{erlflow_xpdl_parser,net_sender_xpdl,2}]}


=ERROR REPORT==== 23-May-2008::23:28:46 ===


ERROR erlang  code  crashed:
 File: appmod:0
Reason: {badarg,[{erlflow_xpdl_parser,extract,2},
                 {lists,foldl,3},
                 {erlflow,start,0},
                 {myappmod,out,1},
                 {yaws_server,deliver_dyn_part,8},
                 {yaws_server,aloop,3},
                 {yaws_server,acceptor0,2},
                 {proc_lib,init_p,5}]}
Req: {http_request,'GET',{abs_path,"/erlflow"},{1,1}}

=ERROR REPORT==== 23-May-2008::23:28:46 ===


ERROR erlang  code  crashed:
 File: appmod:0
Reason: {badarg,[{erlflow_xpdl_parser,extract,2},
                 {lists,foldl,3},
                 {erlflow,start,0},
                 {myappmod,out,1},
                 {yaws_server,deliver_dyn_part,8},
                 {yaws_server,aloop,3},
                 {yaws_server,acceptor0,2},
                 {proc_lib,init_p,5}]}
Req: {http_request,'GET',{abs_path,"/erlflow"},{1,1}}

=ERROR REPORT==== 23-May-2008::23:28:46 ===
Error in process <0.93.0> with exit value: {badarg,[{erlflow_xpdl_parser,net_sender_xpdl,2}]}


=ERROR REPORT==== 23-May-2008::23:28:46 ===


ERROR erlang  code  crashed:
 File: appmod:0
Reason: {badarg,[{erlflow_xpdl_parser,extract,2},
                 {lists,foldl,3},
                 {erlflow,start,0},
                 {myappmod,out,1},
                 {yaws_server,deliver_dyn_part,8},
                 {yaws_server,aloop,3},
                 {yaws_server,acceptor0,2},
                 {proc_lib,init_p,5}]}
Req: {http_request,'GET',{abs_path,"/erlflow"},{1,1}}

=ERROR REPORT==== 23-May-2008::23:28:46 ===
Error in process <0.95.0> with exit value: {badarg,[{erlflow_xpdl_parser,net_sender_xpdl,2}]}


=ERROR REPORT==== 23-May-2008::23:28:46 ===


ERROR erlang  code  crashed:
 File: appmod:0
Reason: {badarg,[{erlflow_xpdl_parser,extract,2},
                 {lists,foldl,3},
                 {erlflow,start,0},
                 {myappmod,out,1},
                 {yaws_server,deliver_dyn_part,8},
                 {yaws_server,aloop,3},
                 {yaws_server,acceptor0,2},
                 {proc_lib,init_p,5}]}
Req: {http_request,'GET',{abs_path,"/erlflow"},{1,1}}

=ERROR REPORT==== 23-May-2008::23:28:46 ===
Error in process <0.97.0> with exit value: {badarg,[{erlflow_xpdl_parser,net_sender_xpdl,2}]}


=ERROR REPORT==== 23-May-2008::23:28:47 ===
Error in process <0.99.0> with exit value: {badarg,[{erlflow_xpdl_parser,net_sender_xpdl,2}]}


=ERROR REPORT==== 23-May-2008::23:28:47 ===


ERROR erlang  code  crashed:
 File: appmod:0
Reason: {badarg,[{erlflow_xpdl_parser,extract,2},
                 {lists,foldl,3},
                 {erlflow,start,0},
                 {myappmod,out,1},
                 {yaws_server,deliver_dyn_part,8},
                 {yaws_server,aloop,3},
                 {yaws_server,acceptor0,2},
                 {proc_lib,init_p,5}]}
Req: {http_request,'GET',{abs_path,"/erlflow"},{1,1}}

=ERROR REPORT==== 23-May-2008::23:28:47 ===


ERROR erlang  code  crashed:
 File: appmod:0
Reason: {badarg,[{erlflow_xpdl_parser,extract,2},
                 {lists,foldl,3},
                 {erlflow,start,0},
                 {myappmod,out,1},
                 {yaws_server,deliver_dyn_part,8},
                 {yaws_server,aloop,3},
                 {yaws_server,acceptor0,2},
                 {proc_lib,init_p,5}]}
Req: {http_request,'GET',{abs_path,"/erlflow"},{1,1}}

=ERROR REPORT==== 23-May-2008::23:28:47 ===
Error in process <0.101.0> with exit value: {badarg,[{erlflow_xpdl_parser,net_sender_xpdl,2}]}


=ERROR REPORT==== 23-May-2008::23:28:47 ===


ERROR erlang  code  crashed:
 File: appmod:0
Reason: {badarg,[{erlflow_xpdl_parser,extract,2},
                 {lists,foldl,3},
                 {erlflow,start,0},
                 {myappmod,out,1},
                 {yaws_server,deliver_dyn_part,8},
                 {yaws_server,aloop,3},
                 {yaws_server,acceptor0,2},
                 {proc_lib,init_p,5}]}
Req: {http_request,'GET',{abs_path,"/erlflow"},{1,1}}

=ERROR REPORT==== 23-May-2008::23:28:47 ===
Error in process <0.103.0> with exit value: {badarg,[{erlflow_xpdl_parser,net_sender_xpdl,2}]}


=ERROR REPORT==== 23-May-2008::23:28:47 ===


ERROR erlang  code  crashed:
 File: appmod:0
Reason: {badarg,[{erlflow_xpdl_parser,extract,2},
                 {lists,foldl,3},
                 {erlflow,start,0},
                 {myappmod,out,1},
                 {yaws_server,deliver_dyn_part,8},
                 {yaws_server,aloop,3},
                 {yaws_server,acceptor0,2},
                 {proc_lib,init_p,5}]}
Req: {http_request,'GET',{abs_path,"/erlflow"},{1,1}}

=ERROR REPORT==== 23-May-2008::23:28:47 ===
Error in process <0.105.0> with exit value: {badarg,[{erlflow_xpdl_parser,net_sender_xpdl,2}]}


=ERROR REPORT==== 23-May-2008::23:28:47 ===


ERROR erlang  code  crashed:
 File: appmod:0
Reason: {badarg,[{erlflow_xpdl_parser,extract,2},
                 {lists,foldl,3},
                 {erlflow,start,0},
                 {myappmod,out,1},
                 {yaws_server,deliver_dyn_part,8},
                 {yaws_server,aloop,3},
                 {yaws_server,acceptor0,2},
                 {proc_lib,init_p,5}]}
Req: {http_request,'GET',{abs_path,"/erlflow"},{1,1}}

=ERROR REPORT==== 23-May-2008::23:28:47 ===
Error in process <0.107.0> with exit value: {badarg,[{erlflow_xpdl_parser,net_sender_xpdl,2}]}


=ERROR REPORT==== 23-May-2008::23:28:48 ===


ERROR erlang  code  crashed:
 File: appmod:0
Reason: {badarg,[{erlflow_xpdl_parser,extract,2},
                 {lists,foldl,3},
                 {erlflow,start,0},
                 {myappmod,out,1},
                 {yaws_server,deliver_dyn_part,8},
                 {yaws_server,aloop,3},
                 {yaws_server,acceptor0,2},
                 {proc_lib,init_p,5}]}
Req: {http_request,'GET',{abs_path,"/erlflow"},{1,1}}

=ERROR REPORT==== 23-May-2008::23:28:48 ===
Error in process <0.109.0> with exit value: {badarg,[{erlflow_xpdl_parser,net_sender_xpdl,2}]}


=ERROR REPORT==== 23-May-2008::23:28:48 ===


ERROR erlang  code  crashed:
 File: appmod:0
Reason: {badarg,[{erlflow_xpdl_parser,extract,2},
                 {lists,foldl,3},
                 {erlflow,start,0},
                 {myappmod,out,1},
                 {yaws_server,deliver_dyn_part,8},
                 {yaws_server,aloop,3},
                 {yaws_server,acceptor0,2},
                 {proc_lib,init_p,5}]}
Req: {http_request,'GET',{abs_path,"/erlflow"},{1,1}}

=ERROR REPORT==== 23-May-2008::23:28:48 ===
Error in process <0.111.0> with exit value: {badarg,[{erlflow_xpdl_parser,net_sender_xpdl,2}]}


=ERROR REPORT==== 23-May-2008::23:28:48 ===


ERROR erlang  code  crashed:
 File: appmod:0
Reason: {badarg,[{erlflow_xpdl_parser,extract,2},
                 {lists,foldl,3},
                 {erlflow,start,0},
                 {myappmod,out,1},
                 {yaws_server,deliver_dyn_part,8},
                 {yaws_server,aloop,3},
                 {yaws_server,acceptor0,2},
                 {proc_lib,init_p,5}]}
Req: {http_request,'GET',{abs_path,"/erlflow"},{1,1}}

=ERROR REPORT==== 23-May-2008::23:28:48 ===
Error in process <0.113.0> with exit value: {badarg,[{erlflow_xpdl_parser,net_sender_xpdl,2}]}


=ERROR REPORT==== 23-May-2008::23:28:48 ===


ERROR erlang  code  crashed:
 File: appmod:0
Reason: {badarg,[{erlflow_xpdl_parser,extract,2},
                 {lists,foldl,3},
                 {erlflow,start,0},
                 {myappmod,out,1},
                 {yaws_server,deliver_dyn_part,8},
                 {yaws_server,aloop,3},
                 {yaws_server,acceptor0,2},
                 {proc_lib,init_p,5}]}
Req: {http_request,'GET',{abs_path,"/erlflow"},{1,1}}

=ERROR REPORT==== 23-May-2008::23:28:48 ===
Error in process <0.115.0> with exit value: {badarg,[{erlflow_xpdl_parser,net_sender_xpdl,2}]}


=ERROR REPORT==== 23-May-2008::23:28:49 ===


ERROR erlang  code  crashed:
 File: appmod:0
Reason: {badarg,[{erlflow_xpdl_parser,extract,2},
                 {lists,foldl,3},
                 {erlflow,start,0},
                 {myappmod,out,1},
                 {yaws_server,deliver_dyn_part,8},
                 {yaws_server,aloop,3},
                 {yaws_server,acceptor0,2},
                 {proc_lib,init_p,5}]}
Req: {http_request,'GET',{abs_path,"/erlflow"},{1,1}}

=ERROR REPORT==== 23-May-2008::23:28:49 ===
Error in process <0.117.0> with exit value: {badarg,[{erlflow_xpdl_parser,net_sender_xpdl,2}]}


=ERROR REPORT==== 23-May-2008::23:28:49 ===


ERROR erlang  code  crashed:
 File: appmod:0
Reason: {badarg,[{erlflow_xpdl_parser,extract,2},
                 {lists,foldl,3},
                 {erlflow,start,0},
                 {myappmod,out,1},
                 {yaws_server,deliver_dyn_part,8},
                 {yaws_server,aloop,3},
                 {yaws_server,acceptor0,2},
                 {proc_lib,init_p,5}]}
Req: {http_request,'GET',{abs_path,"/erlflow"},{1,1}}

=ERROR REPORT==== 23-May-2008::23:28:49 ===
Error in process <0.119.0> with exit value: {badarg,[{erlflow_xpdl_parser,net_sender_xpdl,2}]}


=ERROR REPORT==== 23-May-2008::23:28:49 ===


ERROR erlang  code  crashed:
 File: appmod:0
Reason: {badarg,[{erlflow_xpdl_parser,extract,2},
                 {lists,foldl,3},
                 {erlflow,start,0},
                 {myappmod,out,1},
                 {yaws_server,deliver_dyn_part,8},
                 {yaws_server,aloop,3},
                 {yaws_server,acceptor0,2},
                 {proc_lib,init_p,5}]}
Req: {http_request,'GET',{abs_path,"/erlflow"},{1,1}}

=ERROR REPORT==== 23-May-2008::23:28:49 ===
Error in process <0.121.0> with exit value: {badarg,[{erlflow_xpdl_parser,net_sender_xpdl,2}]}


=ERROR REPORT==== 23-May-2008::23:28:49 ===


ERROR erlang  code  crashed:
 File: appmod:0
Reason: {badarg,[{erlflow_xpdl_parser,extract,2},
                 {lists,foldl,3},
                 {erlflow,start,0},
                 {myappmod,out,1},
                 {yaws_server,deliver_dyn_part,8},
                 {yaws_server,aloop,3},
                 {yaws_server,acceptor0,2},
                 {proc_lib,init_p,5}]}
Req: {http_request,'GET',{abs_path,"/erlflow"},{1,1}}

=ERROR REPORT==== 23-May-2008::23:28:49 ===
Error in process <0.123.0> with exit value: {badarg,[{erlflow_xpdl_parser,net_sender_xpdl,2}]}


=INFO REPORT==== 23-May-2008::23:29:25 ===
Ctlfile : /Users/josemanuelp/.yaws/yaws/erlflow/CTL

=INFO REPORT==== 23-May-2008::23:29:25 ===
Yaws: Listening to 0.0.0.0:80 for servers
 - http://localhost under /Users/josemanuelp/erlflow/erlflow/ebin/../public

=ERROR REPORT==== 23-May-2008::23:29:34 ===
Error in process <0.49.0> with exit value: {badarg,[{erlflow_xpdl_parser,net_sender_xpdl,2}]}


=ERROR REPORT==== 23-May-2008::23:29:34 ===


ERROR erlang  code  crashed:
 File: appmod:0
Reason: {badarg,[{erlflow_xpdl_parser,extract,2},
                 {lists,foldl,3},
                 {erlflow,start,0},
                 {myappmod,out,1},
                 {yaws_server,deliver_dyn_part,8},
                 {yaws_server,aloop,3},
                 {yaws_server,acceptor0,2},
                 {proc_lib,init_p,5}]}
Req: {http_request,'GET',{abs_path,"/erlflow"},{1,1}}

=ERROR REPORT==== 23-May-2008::23:29:37 ===


ERROR erlang  code  crashed:
 File: appmod:0
Reason: {badarg,[{erlang,register,[netsssuper,<0.50.0>]},
                 {erlflow,start,0},
                 {myappmod,out,1},
                 {yaws_server,deliver_dyn_part,8},
                 {yaws_server,aloop,3},
                 {yaws_server,acceptor0,2},
                 {proc_lib,init_p,5}]}
Req: {http_request,'GET',{abs_path,"/erlflow"},{1,1}}

=INFO REPORT==== 24-May-2008::08:20:55 ===
Ctlfile : /Users/josemanuelp/.yaws/yaws/erlflow/CTL

=ERROR REPORT==== 24-May-2008::08:20:55 ===
Yaws: Failed to listen 0.0.0.0:80  : {error,eacces}

=ERROR REPORT==== 24-May-2008::08:20:55 ===
Can't listen to socket: {error,eacces} 
=INFO REPORT==== 24-May-2008::08:20:55 ===
    application: yaws
    exited: {shutdown,{yaws_app,start,[normal,[]]}}
    type: permanent

=INFO REPORT==== 24-May-2008::08:21:34 ===
Ctlfile : /Users/josemanuelp/.yaws/yaws/erlflow/CTL

=INFO REPORT==== 24-May-2008::08:21:34 ===
Yaws: Listening to 0.0.0.0:80 for servers
 - http://localhost under /Users/josemanuelp/erlflow/erlflow/ebin/../public

=ERROR REPORT==== 24-May-2008::08:22:00 ===


ERROR erlang  code  crashed:
 File: appmod:0
Reason: {badarg,[{erlflow_xpdl_parser,extract,2},
                 {lists,foldl,3},
                 {erlflow,start,0},
                 {myappmod,out,1},
                 {yaws_server,deliver_dyn_part,8},
                 {yaws_server,aloop,3},
                 {yaws_server,acceptor0,2},
                 {proc_lib,init_p,5}]}
Req: {http_request,'GET',{abs_path,"/erlflow"},{1,1}}

=ERROR REPORT==== 24-May-2008::08:22:00 ===
Error in process <0.49.0> with exit value: {badarg,[{erlflow_xpdl_parser,net_sender_xpdl,2}]}

